This is pdfTeX, Version 3.1415926-2.5-1.40.14 (TeX Live 2013) (format=pdflatex 2014.4.23)  7 JUL 2014 17:15
entering extended mode
 restricted \write18 enabled.
 %&-line parsing enabled.
**Bibliography.tex
(./Bibliography.tex
LaTeX2e <2011/06/27>
Babel <3.9f> and hyphenation patterns for 78 languages loaded.
! Undefined control sequence.
l.5 \manualmark
                \markboth{\spacedlowsmallcaps{\bibname}}{\spacedlowsmallcaps...
The control sequence at the end of the top line
of your error message was never \def'ed. If you have
misspelled it (e.g., `\hobx'), type `I' and the correct
spelling (e.g., `I\hbox'). Otherwise just continue,
and I'll forget about whatever was undefined.

! Undefined control sequence.
<argument> \spacedlowsmallcaps 
                               {\bibname }
l.5 ...s{\bibname}}{\spacedlowsmallcaps{\bibname}}
                                                  
The control sequence at the end of the top line
of your error message was never \def'ed. If you have
misspelled it (e.g., `\hobx'), type `I' and the correct
spelling (e.g., `I\hbox'). Otherwise just continue,
and I'll forget about whatever was undefined.

! Undefined control sequence.
<argument> \spacedlowsmallcaps {\bibname 
                                         }
l.5 ...s{\bibname}}{\spacedlowsmallcaps{\bibname}}
                                                  
The control sequence at the end of the top line
of your error message was never \def'ed. If you have
misspelled it (e.g., `\hobx'), type `I' and the correct
spelling (e.g., `I\hbox'). Otherwise just continue,
and I'll forget about whatever was undefined.

! Undefined control sequence.
<argument> \spacedlowsmallcaps 
                               {\bibname }
l.5 ...s{\bibname}}{\spacedlowsmallcaps{\bibname}}
                                                  
The control sequence at the end of the top line
of your error message was never \def'ed. If you have
misspelled it (e.g., `\hobx'), type `I' and the correct
spelling (e.g., `I\hbox'). Otherwise just continue,
and I'll forget about whatever was undefined.

! Undefined control sequence.
<argument> \spacedlowsmallcaps {\bibname 
                                         }
l.5 ...s{\bibname}}{\spacedlowsmallcaps{\bibname}}
                                                  
The control sequence at the end of the top line
of your error message was never \def'ed. If you have
misspelled it (e.g., `\hobx'), type `I' and the correct
spelling (e.g., `I\hbox'). Otherwise just continue,
and I'll forget about whatever was undefined.


! LaTeX Error: No counter 'dummy' defined.

See the LaTeX manual or LaTeX Companion for explanation.
Type  H <return>  for immediate help.
 ...                                              
                                                  
l.7 \refstepcounter{dummy}
                          
Your command was ignored.
Type  I <command> <return>  to replace it with another command,
or  <return>  to continue without it.

! Undefined control sequence.
<argument> ...c}{\protect \vspace {\beforebibskip 
                                                  }}
l.8 ...tents{toc}{\protect\vspace{\beforebibskip}}
                                                  
The control sequence at the end of the top line
of your error message was never \def'ed. If you have
misspelled it (e.g., `\hobx'), type `I' and the correct
spelling (e.g., `I\hbox'). Otherwise just continue,
and I'll forget about whatever was undefined.

! Undefined control sequence.
<argument> ...t \contentsline {chapter}{\tocEntry 
                                                  {\bibname }}{\thepage }}
l.10 ...ntsline{toc}{chapter}{\tocEntry{\bibname}}
                                                  
The control sequence at the end of the top line
of your error message was never \def'ed. If you have
misspelled it (e.g., `\hobx'), type `I' and the correct
spelling (e.g., `I\hbox'). Otherwise just continue,
and I'll forget about whatever was undefined.

! Undefined control sequence.
<argument> ...sline {chapter}{\tocEntry {\bibname 
                                                  }}{\thepage }}
l.10 ...ntsline{toc}{chapter}{\tocEntry{\bibname}}
                                                  
The control sequence at the end of the top line
of your error message was never \def'ed. If you have
misspelled it (e.g., `\hobx'), type `I' and the correct
spelling (e.g., `I\hbox'). Otherwise just continue,
and I'll forget about whatever was undefined.

\bibdata{Bibliography}
No file Bibliography.bbl.
)
! Emergency stop.
<*> Bibliography.tex
                    
*** (job aborted, no legal \end found)

 
Here is how much of TeX's memory you used:
 14 strings out of 493315
 226 string characters out of 6137904
 52158 words of memory out of 5000000
 3565 multiletter control sequences out of 15000+600000
 3640 words of font info for 14 fonts, out of 8000000 for 9000
 957 hyphenation exceptions out of 8191
 6i,0n,6p,199b,17s stack positions out of 5000i,500n,10000p,200000b,80000s
!  ==> Fatal error occurred, no output PDF file produced!
