This is pdfTeX, Version 3.1415926-2.5-1.40.14 (TeX Live 2013) (format=latex 2014.4.23)  16 SEP 2014 15:24
entering extended mode
 restricted \write18 enabled.
 %&-line parsing enabled.
**classicthesis-config.tex
(./classicthesis-config.tex
LaTeX2e <2011/06/27>
Babel <3.9f> and hyphenation patterns for 78 languages loaded.

! LaTeX Error: \usepackage before \documentclass.

See the LaTeX manual or LaTeX Companion for explanation.
Type  H <return>  for immediate help.
 ...                                              
                                                  
l.33 \usepackage{
                 ifthen}
? 
! Emergency stop.
 ...                                              
                                                  
l.33 \usepackage{
                 ifthen}
\usepackage may only appear in the document preamble, i.e.,
between \documentclass and \begin{document}.

 
Here is how much of TeX's memory you used:
 7 strings out of 493316
 341 string characters out of 6137930
 52155 words of memory out of 5000000
 3558 multiletter control sequences out of 15000+600000
 3640 words of font info for 14 fonts, out of 8000000 for 9000
 957 hyphenation exceptions out of 8191
 5i,0n,5p,129b,14s stack positions out of 5000i,500n,10000p,200000b,80000s
No pages of output.
