\BOOKMARK [1][-]{Dedication.1}{Dedication}{}% 1
\BOOKMARK [1][-]{Abstract.1}{Abstract}{}% 2
\BOOKMARK [1][-]{acknowledgments.1}{Acknowledgments}{}% 3
\BOOKMARK [1][-]{tableofcontents.1}{Contents}{}% 4
\BOOKMARK [1][-]{lof.1}{List of Figures}{}% 5
\BOOKMARK [1][-]{lot.1}{List of Tables}{}% 6
\BOOKMARK [1][-]{acronyms.1}{Acronyms}{}% 7
\BOOKMARK [0][]{chapter.1}{1 Introduction}{}% 8
\BOOKMARK [1][-]{section.1.1}{1.1 Problem statement}{chapter.1}% 9
\BOOKMARK [1][-]{section.1.2}{1.2 Research goal}{chapter.1}% 10
\BOOKMARK [1][-]{section.1.3}{1.3 Research Questions}{chapter.1}% 11
\BOOKMARK [1][-]{section.1.4}{1.4 Structures}{chapter.1}% 12
\BOOKMARK [0][]{chapter.2}{2 Background \046 Literature review}{}% 13
\BOOKMARK [1][-]{section.2.1}{2.1 What is phishing?}{chapter.2}% 14
\BOOKMARK [2][-]{subsection.2.1.1}{2.1.1 The History }{section.2.1}% 15
\BOOKMARK [2][-]{subsection.2.1.2}{2.1.2 The universal definition }{section.2.1}% 16
\BOOKMARK [1][-]{section.2.2}{2.2 The costs of phishing attacks}{chapter.2}% 17
\BOOKMARK [1][-]{section.2.3}{2.3 Modus operandi}{chapter.2}% 18
\BOOKMARK [1][-]{section.2.4}{2.4 Types of phishing}{chapter.2}% 19
\BOOKMARK [2][-]{subsection.2.4.1}{2.4.1 Phishing based on visual similarities}{section.2.4}% 20
\BOOKMARK [2][-]{subsection.2.4.2}{2.4.2 Malware-based phishing}{section.2.4}% 21
\BOOKMARK [1][-]{section.2.5}{2.5 Current countermeasures}{chapter.2}% 22
\BOOKMARK [2][-]{subsection.2.5.1}{2.5.1 Phishing detection}{section.2.5}% 23
\BOOKMARK [2][-]{subsection.2.5.2}{2.5.2 Phishing prevention}{section.2.5}% 24
\BOOKMARK [1][-]{section.2.6}{2.6 Human factor and persuasion}{chapter.2}% 25
\BOOKMARK [0][]{chapter.3}{3 Research Questions and Hypotheses}{}% 26
\BOOKMARK [0][]{chapter.4}{4 Data and analysis}{}% 27
\BOOKMARK [1][-]{section.4.1}{4.1 Research Methodology}{chapter.4}% 28
\BOOKMARK [2][-]{subsection.4.1.1}{4.1.1 Data collection}{section.4.1}% 29
\BOOKMARK [2][-]{subsection.4.1.2}{4.1.2 Selection}{section.4.1}% 30
\BOOKMARK [2][-]{subsection.4.1.3}{4.1.3 Data Classification}{section.4.1}% 31
\BOOKMARK [2][-]{subsection.4.1.4}{4.1.4 Statistical analysis}{section.4.1}% 32
\BOOKMARK [1][-]{section.4.2}{4.2 Results}{chapter.4}% 33
\BOOKMARK [2][-]{subsection.4.2.1}{4.2.1 Relationship between persuasion principles and target types}{section.4.2}% 34
\BOOKMARK [2][-]{subsection.4.2.2}{4.2.2 Relationship between persuasion principles and reason types}{section.4.2}% 35
\BOOKMARK [2][-]{subsection.4.2.3}{4.2.3 Target types and reason types}{section.4.2}% 36
\BOOKMARK [0][]{chapter.5}{5 Discussion}{}% 37
\BOOKMARK [1][-]{section.5.1}{5.1 Research questions}{chapter.5}% 38
\BOOKMARK [1][-]{section.5.2}{5.2 Conclusion}{chapter.5}% 39
\BOOKMARK [1][-]{section.5.3}{5.3 Limitation}{chapter.5}% 40
\BOOKMARK [1][-]{section.5.4}{5.4 Future work}{chapter.5}% 41
\BOOKMARK [0][]{appendix.A}{A Appendices }{}% 42
\BOOKMARK [1][-]{section.A.1}{A.1 Target Types }{appendix.A}% 43
\BOOKMARK [1][-]{section.A.2}{A.2 Reason Types }{appendix.A}% 44
\BOOKMARK [1][-]{section.A.3}{A.3 Financial targeted phishing emails}{appendix.A}% 45
\BOOKMARK [0][]{appendix.B}{B Bibliography}{}% 46
\BOOKMARK [0][]{colophon.0}{Colophon}{}% 47
